<?xml version="1.0" encoding="UTF-8"?>
<coverage generated="1765822923555" clover="3.2.0">
  <project timestamp="1765822923555" name="All files">
    <metrics statements="99" coveredstatements="73" conditionals="53" coveredconditionals="39" methods="18" coveredmethods="11" elements="170" coveredelements="123" complexity="0" loc="99" ncloc="99" packages="1" files="1" classes="1"/>
    <file name="snake.js" path="/Users/laurynas.miskinis/Documents/snake/snake.js">
      <metrics statements="99" coveredstatements="73" conditionals="53" coveredconditionals="39" methods="18" coveredmethods="11"/>
      <line num="3" count="11" type="stmt"/>
      <line num="7" count="12" type="stmt"/>
      <line num="12" count="12" type="stmt"/>
      <line num="13" count="12" type="stmt"/>
      <line num="14" count="12" type="stmt"/>
      <line num="19" count="7" type="cond" truecount="9" falsecount="1"/>
      <line num="23" count="6" type="stmt"/>
      <line num="27" count="7" type="stmt"/>
      <line num="29" count="7" type="cond" truecount="2" falsecount="2"/>
      <line num="31" count="0" type="stmt"/>
      <line num="32" count="0" type="stmt"/>
      <line num="34" count="1" type="stmt"/>
      <line num="35" count="1" type="stmt"/>
      <line num="37" count="0" type="stmt"/>
      <line num="38" count="0" type="stmt"/>
      <line num="40" count="6" type="stmt"/>
      <line num="41" count="6" type="stmt"/>
      <line num="45" count="7" type="stmt"/>
      <line num="48" count="7" type="cond" truecount="2" falsecount="0"/>
      <line num="49" count="6" type="stmt"/>
      <line num="51" count="1" type="stmt"/>
      <line num="56" count="2" type="stmt"/>
      <line num="60" count="7" type="stmt"/>
      <line num="63" count="7" type="cond" truecount="6" falsecount="0"/>
      <line num="64" count="5" type="stmt"/>
      <line num="68" count="2" type="stmt"/>
      <line num="69" count="6" type="cond" truecount="4" falsecount="0"/>
      <line num="70" count="1" type="stmt"/>
      <line num="74" count="1" type="stmt"/>
      <line num="78" count="3" type="stmt"/>
      <line num="79" count="3" type="cond" truecount="4" falsecount="0"/>
      <line num="80" count="2" type="stmt"/>
      <line num="81" count="2" type="stmt"/>
      <line num="83" count="1" type="stmt"/>
      <line num="89" count="5" type="stmt"/>
      <line num="96" count="5" type="stmt"/>
      <line num="97" count="5" type="stmt"/>
      <line num="98" count="5" type="stmt"/>
      <line num="104" count="5" type="stmt"/>
      <line num="105" count="15" type="cond" truecount="2" falsecount="2"/>
      <line num="106" count="0" type="stmt"/>
      <line num="107" count="0" type="stmt"/>
      <line num="112" count="5" type="stmt"/>
      <line num="113" count="5" type="stmt"/>
      <line num="119" count="3" type="stmt"/>
      <line num="120" count="3" type="stmt"/>
      <line num="121" count="3" type="stmt"/>
      <line num="122" count="3" type="stmt"/>
      <line num="124" count="3" type="stmt"/>
      <line num="125" count="3" type="stmt"/>
      <line num="126" count="3" type="stmt"/>
      <line num="127" count="3" type="stmt"/>
      <line num="128" count="3" type="stmt"/>
      <line num="131" count="3" type="stmt"/>
      <line num="132" count="3" type="stmt"/>
      <line num="135" count="3" type="stmt"/>
      <line num="140" count="1" type="stmt"/>
      <line num="141" count="1" type="stmt"/>
      <line num="144" count="1" type="stmt"/>
      <line num="145" count="1" type="stmt"/>
      <line num="146" count="3" type="stmt"/>
      <line num="154" count="3" type="stmt"/>
      <line num="155" count="3" type="stmt"/>
      <line num="164" count="1" type="stmt"/>
      <line num="165" count="1" type="stmt"/>
      <line num="175" count="2" type="cond" truecount="1" falsecount="1"/>
      <line num="176" count="0" type="stmt"/>
      <line num="177" count="0" type="cond" truecount="0" falsecount="2"/>
      <line num="178" count="0" type="stmt"/>
      <line num="180" count="0" type="stmt"/>
      <line num="183" count="2" type="stmt"/>
      <line num="184" count="2" type="stmt"/>
      <line num="187" count="2" type="cond" truecount="2" falsecount="0"/>
      <line num="188" count="1" type="stmt"/>
      <line num="189" count="1" type="stmt"/>
      <line num="190" count="1" type="stmt"/>
      <line num="194" count="2" type="cond" truecount="2" falsecount="0"/>
      <line num="195" count="1" type="stmt"/>
      <line num="196" count="1" type="stmt"/>
      <line num="199" count="1" type="stmt"/>
      <line num="201" count="1" type="cond" truecount="1" falsecount="1"/>
      <line num="202" count="0" type="stmt"/>
      <line num="207" count="0" type="cond" truecount="0" falsecount="2"/>
      <line num="209" count="0" type="stmt"/>
      <line num="210" count="0" type="stmt"/>
      <line num="214" count="0" type="stmt"/>
      <line num="215" count="0" type="cond" truecount="0" falsecount="2"/>
      <line num="216" count="0" type="stmt"/>
      <line num="221" count="0" type="stmt"/>
      <line num="222" count="0" type="stmt"/>
      <line num="223" count="0" type="stmt"/>
      <line num="224" count="0" type="stmt"/>
      <line num="225" count="0" type="stmt"/>
      <line num="226" count="0" type="stmt"/>
      <line num="227" count="0" type="stmt"/>
      <line num="231" count="0" type="stmt"/>
      <line num="232" count="0" type="stmt"/>
      <line num="235" count="1" type="cond" truecount="3" falsecount="1"/>
      <line num="236" count="1" type="stmt"/>
    </file>
  </project>
</coverage>
