{"/Users/laurynas.miskinis/Documents/snake/snake.js": {"path":"/Users/laurynas.miskinis/Documents/snake/snake.js","statementMap":{"0":{"start":{"line":3,"column":8},"end":{"line":3,"column":21}},"1":{"start":{"line":7,"column":8},"end":{"line":11,"column":10}},"2":{"start":{"line":12,"column":8},"end":{"line":12,"column":33}},"3":{"start":{"line":13,"column":8},"end":{"line":13,"column":37}},"4":{"start":{"line":14,"column":8},"end":{"line":14,"column":26}},"5":{"start":{"line":19,"column":8},"end":{"line":24,"column":9}},"6":{"start":{"line":23,"column":12},"end":{"line":23,"column":48}},"7":{"start":{"line":27,"column":21},"end":{"line":27,"column":38}},"8":{"start":{"line":29,"column":8},"end":{"line":42,"column":9}},"9":{"start":{"line":31,"column":16},"end":{"line":31,"column":28}},"10":{"start":{"line":32,"column":16},"end":{"line":32,"column":22}},"11":{"start":{"line":34,"column":16},"end":{"line":34,"column":28}},"12":{"start":{"line":35,"column":16},"end":{"line":35,"column":22}},"13":{"start":{"line":37,"column":16},"end":{"line":37,"column":28}},"14":{"start":{"line":38,"column":16},"end":{"line":38,"column":22}},"15":{"start":{"line":40,"column":16},"end":{"line":40,"column":28}},"16":{"start":{"line":41,"column":16},"end":{"line":41,"column":22}},"17":{"start":{"line":45,"column":8},"end":{"line":45,"column":32}},"18":{"start":{"line":48,"column":8},"end":{"line":52,"column":9}},"19":{"start":{"line":49,"column":12},"end":{"line":49,"column":28}},"20":{"start":{"line":51,"column":12},"end":{"line":51,"column":30}},"21":{"start":{"line":56,"column":8},"end":{"line":56,"column":42}},"22":{"start":{"line":60,"column":21},"end":{"line":60,"column":33}},"23":{"start":{"line":63,"column":8},"end":{"line":65,"column":9}},"24":{"start":{"line":64,"column":12},"end":{"line":64,"column":24}},"25":{"start":{"line":68,"column":8},"end":{"line":72,"column":9}},"26":{"start":{"line":68,"column":21},"end":{"line":68,"column":22}},"27":{"start":{"line":69,"column":12},"end":{"line":71,"column":13}},"28":{"start":{"line":70,"column":16},"end":{"line":70,"column":28}},"29":{"start":{"line":74,"column":8},"end":{"line":74,"column":21}},"30":{"start":{"line":78,"column":21},"end":{"line":78,"column":33}},"31":{"start":{"line":79,"column":8},"end":{"line":82,"column":9}},"32":{"start":{"line":80,"column":12},"end":{"line":80,"column":29}},"33":{"start":{"line":81,"column":12},"end":{"line":81,"column":24}},"34":{"start":{"line":83,"column":8},"end":{"line":83,"column":21}},"35":{"start":{"line":89,"column":8},"end":{"line":89,"column":37}},"36":{"start":{"line":96,"column":8},"end":{"line":110,"column":30}},"37":{"start":{"line":97,"column":12},"end":{"line":97,"column":32}},"38":{"start":{"line":98,"column":12},"end":{"line":101,"column":14}},"39":{"start":{"line":104,"column":12},"end":{"line":109,"column":13}},"40":{"start":{"line":105,"column":16},"end":{"line":108,"column":17}},"41":{"start":{"line":106,"column":20},"end":{"line":106,"column":39}},"42":{"start":{"line":107,"column":20},"end":{"line":107,"column":26}},"43":{"start":{"line":112,"column":8},"end":{"line":112,"column":36}},"44":{"start":{"line":113,"column":8},"end":{"line":113,"column":29}},"45":{"start":{"line":119,"column":8},"end":{"line":119,"column":56}},"46":{"start":{"line":120,"column":8},"end":{"line":120,"column":48}},"47":{"start":{"line":121,"column":8},"end":{"line":121,"column":33}},"48":{"start":{"line":122,"column":8},"end":{"line":122,"column":53}},"49":{"start":{"line":124,"column":8},"end":{"line":124,"column":33}},"50":{"start":{"line":125,"column":8},"end":{"line":125,"column":31}},"51":{"start":{"line":126,"column":8},"end":{"line":126,"column":23}},"52":{"start":{"line":127,"column":8},"end":{"line":127,"column":33}},"53":{"start":{"line":128,"column":8},"end":{"line":128,"column":37}},"54":{"start":{"line":131,"column":8},"end":{"line":131,"column":28}},"55":{"start":{"line":132,"column":8},"end":{"line":132,"column":24}},"56":{"start":{"line":135,"column":8},"end":{"line":135,"column":70}},"57":{"start":{"line":140,"column":8},"end":{"line":140,"column":36}},"58":{"start":{"line":141,"column":8},"end":{"line":141,"column":71}},"59":{"start":{"line":144,"column":8},"end":{"line":144,"column":39}},"60":{"start":{"line":145,"column":8},"end":{"line":161,"column":9}},"61":{"start":{"line":146,"column":12},"end":{"line":151,"column":14}},"62":{"start":{"line":154,"column":12},"end":{"line":154,"column":45}},"63":{"start":{"line":155,"column":12},"end":{"line":160,"column":14}},"64":{"start":{"line":164,"column":8},"end":{"line":164,"column":39}},"65":{"start":{"line":165,"column":8},"end":{"line":170,"column":10}},"66":{"start":{"line":175,"column":8},"end":{"line":181,"column":9}},"67":{"start":{"line":176,"column":12},"end":{"line":176,"column":30}},"68":{"start":{"line":177,"column":12},"end":{"line":179,"column":13}},"69":{"start":{"line":178,"column":16},"end":{"line":178,"column":83}},"70":{"start":{"line":178,"column":68},"end":{"line":178,"column":81}},"71":{"start":{"line":180,"column":12},"end":{"line":180,"column":19}},"72":{"start":{"line":183,"column":8},"end":{"line":183,"column":26}},"73":{"start":{"line":184,"column":8},"end":{"line":184,"column":26}},"74":{"start":{"line":187,"column":8},"end":{"line":191,"column":9}},"75":{"start":{"line":188,"column":12},"end":{"line":188,"column":25}},"76":{"start":{"line":189,"column":12},"end":{"line":189,"column":70}},"77":{"start":{"line":190,"column":12},"end":{"line":190,"column":74}},"78":{"start":{"line":194,"column":8},"end":{"line":197,"column":9}},"79":{"start":{"line":195,"column":12},"end":{"line":195,"column":28}},"80":{"start":{"line":196,"column":12},"end":{"line":196,"column":19}},"81":{"start":{"line":199,"column":8},"end":{"line":199,"column":20}},"82":{"start":{"line":201,"column":8},"end":{"line":203,"column":9}},"83":{"start":{"line":202,"column":12},"end":{"line":202,"column":79}},"84":{"start":{"line":202,"column":64},"end":{"line":202,"column":77}},"85":{"start":{"line":207,"column":8},"end":{"line":207,"column":37}},"86":{"start":{"line":207,"column":30},"end":{"line":207,"column":37}},"87":{"start":{"line":209,"column":8},"end":{"line":209,"column":32}},"88":{"start":{"line":210,"column":8},"end":{"line":210,"column":75}},"89":{"start":{"line":210,"column":60},"end":{"line":210,"column":73}},"90":{"start":{"line":214,"column":8},"end":{"line":214,"column":33}},"91":{"start":{"line":215,"column":8},"end":{"line":217,"column":9}},"92":{"start":{"line":216,"column":12},"end":{"line":216,"column":56}},"93":{"start":{"line":221,"column":8},"end":{"line":221,"column":20}},"94":{"start":{"line":222,"column":8},"end":{"line":222,"column":27}},"95":{"start":{"line":223,"column":8},"end":{"line":223,"column":23}},"96":{"start":{"line":224,"column":8},"end":{"line":224,"column":66}},"97":{"start":{"line":225,"column":8},"end":{"line":225,"column":68}},"98":{"start":{"line":226,"column":8},"end":{"line":226,"column":70}},"99":{"start":{"line":227,"column":8},"end":{"line":227,"column":20}},"100":{"start":{"line":231,"column":8},"end":{"line":231,"column":20}},"101":{"start":{"line":232,"column":8},"end":{"line":232,"column":71}},"102":{"start":{"line":235,"column":0},"end":{"line":237,"column":1}},"103":{"start":{"line":236,"column":2},"end":{"line":236,"column":41}}},"fnMap":{"0":{"name":"(anonymous_0)","decl":{"start":{"line":2,"column":4},"end":{"line":2,"column":5}},"loc":{"start":{"line":2,"column":18},"end":{"line":4,"column":5}},"line":2},"1":{"name":"(anonymous_1)","decl":{"start":{"line":6,"column":4},"end":{"line":6,"column":5}},"loc":{"start":{"line":6,"column":12},"end":{"line":15,"column":5}},"line":6},"2":{"name":"(anonymous_2)","decl":{"start":{"line":17,"column":4},"end":{"line":17,"column":5}},"loc":{"start":{"line":17,"column":11},"end":{"line":53,"column":5}},"line":17},"3":{"name":"(anonymous_3)","decl":{"start":{"line":55,"column":4},"end":{"line":55,"column":5}},"loc":{"start":{"line":55,"column":34},"end":{"line":57,"column":5}},"line":55},"4":{"name":"(anonymous_4)","decl":{"start":{"line":59,"column":4},"end":{"line":59,"column":5}},"loc":{"start":{"line":59,"column":34},"end":{"line":75,"column":5}},"line":59},"5":{"name":"(anonymous_5)","decl":{"start":{"line":77,"column":4},"end":{"line":77,"column":5}},"loc":{"start":{"line":77,"column":18},"end":{"line":84,"column":5}},"line":77},"6":{"name":"(anonymous_6)","decl":{"start":{"line":88,"column":4},"end":{"line":88,"column":5}},"loc":{"start":{"line":88,"column":18},"end":{"line":90,"column":5}},"line":88},"7":{"name":"(anonymous_7)","decl":{"start":{"line":92,"column":4},"end":{"line":92,"column":5}},"loc":{"start":{"line":92,"column":45},"end":{"line":114,"column":5}},"line":92},"8":{"name":"(anonymous_8)","decl":{"start":{"line":118,"column":4},"end":{"line":118,"column":5}},"loc":{"start":{"line":118,"column":41},"end":{"line":136,"column":5}},"line":118},"9":{"name":"(anonymous_9)","decl":{"start":{"line":138,"column":4},"end":{"line":138,"column":5}},"loc":{"start":{"line":138,"column":11},"end":{"line":171,"column":5}},"line":138},"10":{"name":"(anonymous_10)","decl":{"start":{"line":173,"column":4},"end":{"line":173,"column":5}},"loc":{"start":{"line":173,"column":13},"end":{"line":204,"column":5}},"line":173},"11":{"name":"(anonymous_11)","decl":{"start":{"line":178,"column":62},"end":{"line":178,"column":63}},"loc":{"start":{"line":178,"column":68},"end":{"line":178,"column":81}},"line":178},"12":{"name":"(anonymous_12)","decl":{"start":{"line":202,"column":58},"end":{"line":202,"column":59}},"loc":{"start":{"line":202,"column":64},"end":{"line":202,"column":77}},"line":202},"13":{"name":"(anonymous_13)","decl":{"start":{"line":206,"column":4},"end":{"line":206,"column":5}},"loc":{"start":{"line":206,"column":12},"end":{"line":211,"column":5}},"line":206},"14":{"name":"(anonymous_14)","decl":{"start":{"line":210,"column":54},"end":{"line":210,"column":55}},"loc":{"start":{"line":210,"column":60},"end":{"line":210,"column":73}},"line":210},"15":{"name":"(anonymous_15)","decl":{"start":{"line":213,"column":4},"end":{"line":213,"column":5}},"loc":{"start":{"line":213,"column":11},"end":{"line":218,"column":5}},"line":213},"16":{"name":"(anonymous_16)","decl":{"start":{"line":220,"column":4},"end":{"line":220,"column":5}},"loc":{"start":{"line":220,"column":12},"end":{"line":228,"column":5}},"line":220},"17":{"name":"(anonymous_17)","decl":{"start":{"line":230,"column":4},"end":{"line":230,"column":5}},"loc":{"start":{"line":230,"column":15},"end":{"line":233,"column":5}},"line":230}},"branchMap":{"0":{"loc":{"start":{"line":19,"column":8},"end":{"line":24,"column":9}},"type":"if","locations":[{"start":{"line":19,"column":8},"end":{"line":24,"column":9}},{"start":{},"end":{}}],"line":19},"1":{"loc":{"start":{"line":19,"column":12},"end":{"line":22,"column":73}},"type":"binary-expr","locations":[{"start":{"line":19,"column":13},"end":{"line":19,"column":40}},{"start":{"line":19,"column":44},"end":{"line":19,"column":69}},{"start":{"line":20,"column":13},"end":{"line":20,"column":42}},{"start":{"line":20,"column":46},"end":{"line":20,"column":69}},{"start":{"line":21,"column":13},"end":{"line":21,"column":42}},{"start":{"line":21,"column":46},"end":{"line":21,"column":72}},{"start":{"line":22,"column":13},"end":{"line":22,"column":43}},{"start":{"line":22,"column":47},"end":{"line":22,"column":72}}],"line":19},"2":{"loc":{"start":{"line":29,"column":8},"end":{"line":42,"column":9}},"type":"switch","locations":[{"start":{"line":30,"column":12},"end":{"line":32,"column":22}},{"start":{"line":33,"column":12},"end":{"line":35,"column":22}},{"start":{"line":36,"column":12},"end":{"line":38,"column":22}},{"start":{"line":39,"column":12},"end":{"line":41,"column":22}}],"line":29},"3":{"loc":{"start":{"line":48,"column":8},"end":{"line":52,"column":9}},"type":"if","locations":[{"start":{"line":48,"column":8},"end":{"line":52,"column":9}},{"start":{"line":50,"column":15},"end":{"line":52,"column":9}}],"line":48},"4":{"loc":{"start":{"line":63,"column":8},"end":{"line":65,"column":9}},"type":"if","locations":[{"start":{"line":63,"column":8},"end":{"line":65,"column":9}},{"start":{},"end":{}}],"line":63},"5":{"loc":{"start":{"line":63,"column":12},"end":{"line":63,"column":75}},"type":"binary-expr","locations":[{"start":{"line":63,"column":12},"end":{"line":63,"column":22}},{"start":{"line":63,"column":26},"end":{"line":63,"column":41}},{"start":{"line":63,"column":45},"end":{"line":63,"column":55}},{"start":{"line":63,"column":59},"end":{"line":63,"column":75}}],"line":63},"6":{"loc":{"start":{"line":69,"column":12},"end":{"line":71,"column":13}},"type":"if","locations":[{"start":{"line":69,"column":12},"end":{"line":71,"column":13}},{"start":{},"end":{}}],"line":69},"7":{"loc":{"start":{"line":69,"column":16},"end":{"line":69,"column":70}},"type":"binary-expr","locations":[{"start":{"line":69,"column":16},"end":{"line":69,"column":41}},{"start":{"line":69,"column":45},"end":{"line":69,"column":70}}],"line":69},"8":{"loc":{"start":{"line":79,"column":8},"end":{"line":82,"column":9}},"type":"if","locations":[{"start":{"line":79,"column":8},"end":{"line":82,"column":9}},{"start":{},"end":{}}],"line":79},"9":{"loc":{"start":{"line":79,"column":12},"end":{"line":79,"column":50}},"type":"binary-expr","locations":[{"start":{"line":79,"column":12},"end":{"line":79,"column":29}},{"start":{"line":79,"column":33},"end":{"line":79,"column":50}}],"line":79},"10":{"loc":{"start":{"line":105,"column":16},"end":{"line":108,"column":17}},"type":"if","locations":[{"start":{"line":105,"column":16},"end":{"line":108,"column":17}},{"start":{},"end":{}}],"line":105},"11":{"loc":{"start":{"line":105,"column":20},"end":{"line":105,"column":78}},"type":"binary-expr","locations":[{"start":{"line":105,"column":20},"end":{"line":105,"column":47}},{"start":{"line":105,"column":51},"end":{"line":105,"column":78}}],"line":105},"12":{"loc":{"start":{"line":118,"column":26},"end":{"line":118,"column":39}},"type":"default-arg","locations":[{"start":{"line":118,"column":37},"end":{"line":118,"column":39}}],"line":118},"13":{"loc":{"start":{"line":175,"column":8},"end":{"line":181,"column":9}},"type":"if","locations":[{"start":{"line":175,"column":8},"end":{"line":181,"column":9}},{"start":{},"end":{}}],"line":175},"14":{"loc":{"start":{"line":177,"column":12},"end":{"line":179,"column":13}},"type":"if","locations":[{"start":{"line":177,"column":12},"end":{"line":179,"column":13}},{"start":{},"end":{}}],"line":177},"15":{"loc":{"start":{"line":187,"column":8},"end":{"line":191,"column":9}},"type":"if","locations":[{"start":{"line":187,"column":8},"end":{"line":191,"column":9}},{"start":{},"end":{}}],"line":187},"16":{"loc":{"start":{"line":194,"column":8},"end":{"line":197,"column":9}},"type":"if","locations":[{"start":{"line":194,"column":8},"end":{"line":197,"column":9}},{"start":{},"end":{}}],"line":194},"17":{"loc":{"start":{"line":201,"column":8},"end":{"line":203,"column":9}},"type":"if","locations":[{"start":{"line":201,"column":8},"end":{"line":203,"column":9}},{"start":{},"end":{}}],"line":201},"18":{"loc":{"start":{"line":207,"column":8},"end":{"line":207,"column":37}},"type":"if","locations":[{"start":{"line":207,"column":8},"end":{"line":207,"column":37}},{"start":{},"end":{}}],"line":207},"19":{"loc":{"start":{"line":215,"column":8},"end":{"line":217,"column":9}},"type":"if","locations":[{"start":{"line":215,"column":8},"end":{"line":217,"column":9}},{"start":{},"end":{}}],"line":215},"20":{"loc":{"start":{"line":235,"column":0},"end":{"line":237,"column":1}},"type":"if","locations":[{"start":{"line":235,"column":0},"end":{"line":237,"column":1}},{"start":{},"end":{}}],"line":235},"21":{"loc":{"start":{"line":235,"column":4},"end":{"line":235,"column":51}},"type":"binary-expr","locations":[{"start":{"line":235,"column":4},"end":{"line":235,"column":33}},{"start":{"line":235,"column":37},"end":{"line":235,"column":51}}],"line":235}},"s":{"0":11,"1":12,"2":12,"3":12,"4":12,"5":7,"6":6,"7":7,"8":7,"9":0,"10":0,"11":1,"12":1,"13":0,"14":0,"15":6,"16":6,"17":7,"18":7,"19":6,"20":1,"21":2,"22":7,"23":7,"24":5,"25":2,"26":2,"27":6,"28":1,"29":1,"30":3,"31":3,"32":2,"33":2,"34":1,"35":5,"36":5,"37":5,"38":5,"39":5,"40":15,"41":0,"42":0,"43":5,"44":5,"45":3,"46":3,"47":3,"48":3,"49":3,"50":3,"51":3,"52":3,"53":3,"54":3,"55":3,"56":3,"57":1,"58":1,"59":1,"60":1,"61":3,"62":3,"63":3,"64":1,"65":1,"66":2,"67":0,"68":0,"69":0,"70":0,"71":0,"72":2,"73":2,"74":2,"75":1,"76":1,"77":1,"78":2,"79":1,"80":1,"81":1,"82":1,"83":0,"84":0,"85":0,"86":0,"87":0,"88":0,"89":0,"90":0,"91":0,"92":0,"93":0,"94":0,"95":0,"96":0,"97":0,"98":0,"99":0,"100":0,"101":0,"102":1,"103":1},"f":{"0":11,"1":12,"2":7,"3":2,"4":7,"5":3,"6":5,"7":5,"8":3,"9":1,"10":2,"11":0,"12":0,"13":0,"14":0,"15":0,"16":0,"17":0},"b":{"0":[6,1],"1":[7,0,7,1,6,1,6,5],"2":[0,1,0,6],"3":[6,1],"4":[5,2],"5":[7,6,5,3],"6":[1,5],"7":[6,2],"8":[2,1],"9":[3,2],"10":[0,15],"11":[15,0],"12":[3],"13":[0,2],"14":[0,0],"15":[1,1],"16":[1,1],"17":[0,1],"18":[0,0],"19":[0,0],"20":[1,0],"21":[1,1]},"_coverageSchema":"1a1c01bbd47fc00a2c39e90264f33305004495a9","hash":"855b2cbb0e678420156234ec585679c8bc5588bb"}
}
