TN:
SF:snake.js
FN:2,(anonymous_0)
FN:6,(anonymous_1)
FN:17,(anonymous_2)
FN:55,(anonymous_3)
FN:59,(anonymous_4)
FN:77,(anonymous_5)
FN:88,(anonymous_6)
FN:92,(anonymous_7)
FN:118,(anonymous_8)
FN:138,(anonymous_9)
FN:173,(anonymous_10)
FN:178,(anonymous_11)
FN:202,(anonymous_12)
FN:206,(anonymous_13)
FN:210,(anonymous_14)
FN:213,(anonymous_15)
FN:220,(anonymous_16)
FN:230,(anonymous_17)
FNF:18
FNH:11
FNDA:11,(anonymous_0)
FNDA:12,(anonymous_1)
FNDA:7,(anonymous_2)
FNDA:2,(anonymous_3)
FNDA:7,(anonymous_4)
FNDA:3,(anonymous_5)
FNDA:5,(anonymous_6)
FNDA:5,(anonymous_7)
FNDA:3,(anonymous_8)
FNDA:1,(anonymous_9)
FNDA:2,(anonymous_10)
FNDA:0,(anonymous_11)
FNDA:0,(anonymous_12)
FNDA:0,(anonymous_13)
FNDA:0,(anonymous_14)
FNDA:0,(anonymous_15)
FNDA:0,(anonymous_16)
FNDA:0,(anonymous_17)
DA:3,11
DA:7,12
DA:12,12
DA:13,12
DA:14,12
DA:19,7
DA:23,6
DA:27,7
DA:29,7
DA:31,0
DA:32,0
DA:34,1
DA:35,1
DA:37,0
DA:38,0
DA:40,6
DA:41,6
DA:45,7
DA:48,7
DA:49,6
DA:51,1
DA:56,2
DA:60,7
DA:63,7
DA:64,5
DA:68,2
DA:69,6
DA:70,1
DA:74,1
DA:78,3
DA:79,3
DA:80,2
DA:81,2
DA:83,1
DA:89,5
DA:96,5
DA:97,5
DA:98,5
DA:104,5
DA:105,15
DA:106,0
DA:107,0
DA:112,5
DA:113,5
DA:119,3
DA:120,3
DA:121,3
DA:122,3
DA:124,3
DA:125,3
DA:126,3
DA:127,3
DA:128,3
DA:131,3
DA:132,3
DA:135,3
DA:140,1
DA:141,1
DA:144,1
DA:145,1
DA:146,3
DA:154,3
DA:155,3
DA:164,1
DA:165,1
DA:175,2
DA:176,0
DA:177,0
DA:178,0
DA:180,0
DA:183,2
DA:184,2
DA:187,2
DA:188,1
DA:189,1
DA:190,1
DA:194,2
DA:195,1
DA:196,1
DA:199,1
DA:201,1
DA:202,0
DA:207,0
DA:209,0
DA:210,0
DA:214,0
DA:215,0
DA:216,0
DA:221,0
DA:222,0
DA:223,0
DA:224,0
DA:225,0
DA:226,0
DA:227,0
DA:231,0
DA:232,0
DA:235,1
DA:236,1
LF:99
LH:73
BRDA:19,0,0,6
BRDA:19,0,1,1
BRDA:19,1,0,7
BRDA:19,1,1,0
BRDA:19,1,2,7
BRDA:19,1,3,1
BRDA:19,1,4,6
BRDA:19,1,5,1
BRDA:19,1,6,6
BRDA:19,1,7,5
BRDA:29,2,0,0
BRDA:29,2,1,1
BRDA:29,2,2,0
BRDA:29,2,3,6
BRDA:48,3,0,6
BRDA:48,3,1,1
BRDA:63,4,0,5
BRDA:63,4,1,2
BRDA:63,5,0,7
BRDA:63,5,1,6
BRDA:63,5,2,5
BRDA:63,5,3,3
BRDA:69,6,0,1
BRDA:69,6,1,5
BRDA:69,7,0,6
BRDA:69,7,1,2
BRDA:79,8,0,2
BRDA:79,8,1,1
BRDA:79,9,0,3
BRDA:79,9,1,2
BRDA:105,10,0,0
BRDA:105,10,1,15
BRDA:105,11,0,15
BRDA:105,11,1,0
BRDA:118,12,0,3
BRDA:175,13,0,0
BRDA:175,13,1,2
BRDA:177,14,0,0
BRDA:177,14,1,0
BRDA:187,15,0,1
BRDA:187,15,1,1
BRDA:194,16,0,1
BRDA:194,16,1,1
BRDA:201,17,0,0
BRDA:201,17,1,1
BRDA:207,18,0,0
BRDA:207,18,1,0
BRDA:215,19,0,0
BRDA:215,19,1,0
BRDA:235,20,0,1
BRDA:235,20,1,0
BRDA:235,21,0,1
BRDA:235,21,1,1
BRF:53
BRH:39
end_of_record
